[0.169s] DEBUG:colcon:Command line arguments: ['/usr/bin/colcon', 'build', '--packages-select', 'emg_sensor', '--symlink-install']
[0.169s] DEBUG:colcon:Parsed command line arguments: Namespace(log_base=None, log_level=None, verb_name='build', build_base='build', install_base='install', merge_install=False, symlink_install=True, test_result_base=None, continue_on_error=False, executor='parallel', parallel_workers=8, event_handlers=None, ignore_user_meta=False, metas=['./colcon.meta'], base_paths=['.'], packages_ignore=None, packages_ignore_regex=None, paths=None, packages_up_to=None, packages_up_to_regex=None, packages_above=None, packages_above_and_dependencies=None, packages_above_depth=None, packages_select_by_dep=None, packages_skip_by_dep=None, packages_skip_up_to=None, packages_select_build_failed=False, packages_skip_build_finished=False, packages_select_test_failures=False, packages_skip_test_passed=False, packages_select=['emg_sensor'], packages_skip=None, packages_select_regex=None, packages_skip_regex=None, packages_start=None, packages_end=None, allow_overriding=[], cmake_args=None, cmake_target=None, cmake_target_skip_unavailable=False, cmake_clean_cache=False, cmake_clean_first=False, cmake_force_configure=False, ament_cmake_args=None, catkin_cmake_args=None, catkin_skip_building_tests=False, verb_parser=<colcon_defaults.argument_parser.defaults.DefaultArgumentsDecorator object at 0xffffb494dde0>, verb_extension=<colcon_core.verb.build.BuildVerb object at 0xffffb4aeb190>, main=<bound method BuildVerb.main of <colcon_core.verb.build.BuildVerb object at 0xffffb4aeb190>>)
[0.405s] Level 1:colcon.colcon_core.package_discovery:discover_packages(colcon_meta) check parameters
[0.406s] Level 1:colcon.colcon_core.package_discovery:discover_packages(recursive) check parameters
[0.406s] Level 1:colcon.colcon_core.package_discovery:discover_packages(ignore) check parameters
[0.406s] Level 1:colcon.colcon_core.package_discovery:discover_packages(path) check parameters
[0.406s] Level 1:colcon.colcon_core.package_discovery:discover_packages(colcon_meta) discover
[0.406s] Level 1:colcon.colcon_core.package_discovery:discover_packages(recursive) discover
[0.406s] INFO:colcon.colcon_core.package_discovery:Crawling recursively for packages in '/home/ganeshkoka/Github/EMG-Project'
[0.406s] Level 1:colcon.colcon_core.package_identification:_identify(.) by extensions ['ignore', 'ignore_ament_install']
[0.407s] Level 1:colcon.colcon_core.package_identification:_identify(.) by extension 'ignore'
[0.407s] Level 1:colcon.colcon_core.package_identification:_identify(.) by extension 'ignore_ament_install'
[0.407s] Level 1:colcon.colcon_core.package_identification:_identify(.) by extensions ['colcon_pkg']
[0.407s] Level 1:colcon.colcon_core.package_identification:_identify(.) by extension 'colcon_pkg'
[0.407s] Level 1:colcon.colcon_core.package_identification:_identify(.) by extensions ['colcon_meta']
[0.407s] Level 1:colcon.colcon_core.package_identification:_identify(.) by extension 'colcon_meta'
[0.407s] Level 1:colcon.colcon_core.package_identification:_identify(.) by extensions ['ros']
[0.407s] Level 1:colcon.colcon_core.package_identification:_identify(.) by extension 'ros'
[0.425s] Level 1:colcon.colcon_core.package_identification:_identify(.) by extensions ['cmake', 'python']
[0.425s] Level 1:colcon.colcon_core.package_identification:_identify(.) by extension 'cmake'
[0.425s] Level 1:colcon.colcon_core.package_identification:_identify(.) by extension 'python'
[0.425s] Level 1:colcon.colcon_core.package_identification:_identify(.) by extensions ['python_setup_py']
[0.425s] Level 1:colcon.colcon_core.package_identification:_identify(.) by extension 'python_setup_py'
[0.425s] Level 1:colcon.colcon_core.package_identification:_identify(build) by extensions ['ignore', 'ignore_ament_install']
[0.425s] Level 1:colcon.colcon_core.package_identification:_identify(build) by extension 'ignore'
[0.426s] Level 1:colcon.colcon_core.package_identification:_identify(build) ignored
[0.426s] Level 1:colcon.colcon_core.package_identification:_identify(install) by extensions ['ignore', 'ignore_ament_install']
[0.426s] Level 1:colcon.colcon_core.package_identification:_identify(install) by extension 'ignore'
[0.426s] Level 1:colcon.colcon_core.package_identification:_identify(install) ignored
[0.426s] Level 1:colcon.colcon_core.package_identification:_identify(log) by extensions ['ignore', 'ignore_ament_install']
[0.426s] Level 1:colcon.colcon_core.package_identification:_identify(log) by extension 'ignore'
[0.426s] Level 1:colcon.colcon_core.package_identification:_identify(log) ignored
[0.427s] Level 1:colcon.colcon_core.package_identification:_identify(ros2_ws) by extensions ['ignore', 'ignore_ament_install']
[0.427s] Level 1:colcon.colcon_core.package_identification:_identify(ros2_ws) by extension 'ignore'
[0.427s] Level 1:colcon.colcon_core.package_identification:_identify(ros2_ws) by extension 'ignore_ament_install'
[0.427s] Level 1:colcon.colcon_core.package_identification:_identify(ros2_ws) by extensions ['colcon_pkg']
[0.427s] Level 1:colcon.colcon_core.package_identification:_identify(ros2_ws) by extension 'colcon_pkg'
[0.427s] Level 1:colcon.colcon_core.package_identification:_identify(ros2_ws) by extensions ['colcon_meta']
[0.427s] Level 1:colcon.colcon_core.package_identification:_identify(ros2_ws) by extension 'colcon_meta'
[0.427s] Level 1:colcon.colcon_core.package_identification:_identify(ros2_ws) by extensions ['ros']
[0.427s] Level 1:colcon.colcon_core.package_identification:_identify(ros2_ws) by extension 'ros'
[0.427s] Level 1:colcon.colcon_core.package_identification:_identify(ros2_ws) by extensions ['cmake', 'python']
[0.427s] Level 1:colcon.colcon_core.package_identification:_identify(ros2_ws) by extension 'cmake'
[0.428s] Level 1:colcon.colcon_core.package_identification:_identify(ros2_ws) by extension 'python'
[0.428s] Level 1:colcon.colcon_core.package_identification:_identify(ros2_ws) by extensions ['python_setup_py']
[0.428s] Level 1:colcon.colcon_core.package_identification:_identify(ros2_ws) by extension 'python_setup_py'
[0.428s] Level 1:colcon.colcon_core.package_identification:_identify(ros2_ws/build) by extensions ['ignore', 'ignore_ament_install']
[0.428s] Level 1:colcon.colcon_core.package_identification:_identify(ros2_ws/build) by extension 'ignore'
[0.428s] Level 1:colcon.colcon_core.package_identification:_identify(ros2_ws/build) ignored
[0.428s] Level 1:colcon.colcon_core.package_identification:_identify(ros2_ws/install) by extensions ['ignore', 'ignore_ament_install']
[0.428s] Level 1:colcon.colcon_core.package_identification:_identify(ros2_ws/install) by extension 'ignore'
[0.428s] Level 1:colcon.colcon_core.package_identification:_identify(ros2_ws/install) ignored
[0.429s] Level 1:colcon.colcon_core.package_identification:_identify(ros2_ws/log) by extensions ['ignore', 'ignore_ament_install']
[0.429s] Level 1:colcon.colcon_core.package_identification:_identify(ros2_ws/log) by extension 'ignore'
[0.429s] Level 1:colcon.colcon_core.package_identification:_identify(ros2_ws/log) ignored
[0.429s] Level 1:colcon.colcon_core.package_identification:_identify(ros2_ws/src) by extensions ['ignore', 'ignore_ament_install']
[0.429s] Level 1:colcon.colcon_core.package_identification:_identify(ros2_ws/src) by extension 'ignore'
[0.429s] Level 1:colcon.colcon_core.package_identification:_identify(ros2_ws/src) by extension 'ignore_ament_install'
[0.429s] Level 1:colcon.colcon_core.package_identification:_identify(ros2_ws/src) by extensions ['colcon_pkg']
[0.429s] Level 1:colcon.colcon_core.package_identification:_identify(ros2_ws/src) by extension 'colcon_pkg'
[0.429s] Level 1:colcon.colcon_core.package_identification:_identify(ros2_ws/src) by extensions ['colcon_meta']
[0.429s] Level 1:colcon.colcon_core.package_identification:_identify(ros2_ws/src) by extension 'colcon_meta'
[0.429s] Level 1:colcon.colcon_core.package_identification:_identify(ros2_ws/src) by extensions ['ros']
[0.430s] Level 1:colcon.colcon_core.package_identification:_identify(ros2_ws/src) by extension 'ros'
[0.430s] Level 1:colcon.colcon_core.package_identification:_identify(ros2_ws/src) by extensions ['cmake', 'python']
[0.430s] Level 1:colcon.colcon_core.package_identification:_identify(ros2_ws/src) by extension 'cmake'
[0.430s] Level 1:colcon.colcon_core.package_identification:_identify(ros2_ws/src) by extension 'python'
[0.430s] Level 1:colcon.colcon_core.package_identification:_identify(ros2_ws/src) by extensions ['python_setup_py']
[0.430s] Level 1:colcon.colcon_core.package_identification:_identify(ros2_ws/src) by extension 'python_setup_py'
[0.430s] Level 1:colcon.colcon_core.package_identification:_identify(ros2_ws/src/emg_sensor) by extensions ['ignore', 'ignore_ament_install']
[0.430s] Level 1:colcon.colcon_core.package_identification:_identify(ros2_ws/src/emg_sensor) by extension 'ignore'
[0.430s] Level 1:colcon.colcon_core.package_identification:_identify(ros2_ws/src/emg_sensor) by extension 'ignore_ament_install'
[0.430s] Level 1:colcon.colcon_core.package_identification:_identify(ros2_ws/src/emg_sensor) by extensions ['colcon_pkg']
[0.430s] Level 1:colcon.colcon_core.package_identification:_identify(ros2_ws/src/emg_sensor) by extension 'colcon_pkg'
[0.431s] Level 1:colcon.colcon_core.package_identification:_identify(ros2_ws/src/emg_sensor) by extensions ['colcon_meta']
[0.431s] Level 1:colcon.colcon_core.package_identification:_identify(ros2_ws/src/emg_sensor) by extension 'colcon_meta'
[0.431s] Level 1:colcon.colcon_core.package_identification:_identify(ros2_ws/src/emg_sensor) by extensions ['ros']
[0.431s] Level 1:colcon.colcon_core.package_identification:_identify(ros2_ws/src/emg_sensor) by extension 'ros'
[0.434s] DEBUG:colcon.colcon_core.package_identification:Package 'ros2_ws/src/emg_sensor' with type 'ros.ament_python' and name 'emg_sensor'
[0.434s] Level 1:colcon.colcon_core.package_discovery:discover_packages(recursive) using defaults
[0.435s] Level 1:colcon.colcon_core.package_discovery:discover_packages(ignore) discover
[0.435s] Level 1:colcon.colcon_core.package_discovery:discover_packages(ignore) using defaults
[0.435s] Level 1:colcon.colcon_core.package_discovery:discover_packages(path) discover
[0.435s] Level 1:colcon.colcon_core.package_discovery:discover_packages(path) using defaults
[0.467s] Level 1:colcon.colcon_core.package_discovery:discover_packages(prefix_path) check parameters
[0.468s] Level 1:colcon.colcon_core.package_discovery:discover_packages(prefix_path) discover
[0.471s] DEBUG:colcon.colcon_installed_package_information.package_discovery:Found 185 installed packages in /opt/ros/humble
[0.472s] Level 1:colcon.colcon_core.package_discovery:discover_packages(prefix_path) using defaults
[0.512s] Level 5:colcon.colcon_core.verb:set package 'emg_sensor' build argument 'cmake_args' from command line to 'None'
[0.512s] Level 5:colcon.colcon_core.verb:set package 'emg_sensor' build argument 'cmake_target' from command line to 'None'
[0.512s] Level 5:colcon.colcon_core.verb:set package 'emg_sensor' build argument 'cmake_target_skip_unavailable' from command line to 'False'
[0.512s] Level 5:colcon.colcon_core.verb:set package 'emg_sensor' build argument 'cmake_clean_cache' from command line to 'False'
[0.512s] Level 5:colcon.colcon_core.verb:set package 'emg_sensor' build argument 'cmake_clean_first' from command line to 'False'
[0.512s] Level 5:colcon.colcon_core.verb:set package 'emg_sensor' build argument 'cmake_force_configure' from command line to 'False'
[0.512s] Level 5:colcon.colcon_core.verb:set package 'emg_sensor' build argument 'ament_cmake_args' from command line to 'None'
[0.512s] Level 5:colcon.colcon_core.verb:set package 'emg_sensor' build argument 'catkin_cmake_args' from command line to 'None'
[0.512s] Level 5:colcon.colcon_core.verb:set package 'emg_sensor' build argument 'catkin_skip_building_tests' from command line to 'False'
[0.512s] DEBUG:colcon.colcon_core.verb:Building package 'emg_sensor' with the following arguments: {'ament_cmake_args': None, 'build_base': '/home/ganeshkoka/Github/EMG-Project/build/emg_sensor', 'catkin_cmake_args': None, 'catkin_skip_building_tests': False, 'cmake_args': None, 'cmake_clean_cache': False, 'cmake_clean_first': False, 'cmake_force_configure': False, 'cmake_target': None, 'cmake_target_skip_unavailable': False, 'install_base': '/home/ganeshkoka/Github/EMG-Project/install/emg_sensor', 'merge_install': False, 'path': '/home/ganeshkoka/Github/EMG-Project/ros2_ws/src/emg_sensor', 'symlink_install': True, 'test_result_base': None}
[0.513s] INFO:colcon.colcon_core.executor:Executing jobs using 'parallel' executor
[0.515s] DEBUG:colcon.colcon_parallel_executor.executor.parallel:run_until_complete
[0.515s] INFO:colcon.colcon_ros.task.ament_python.build:Building ROS package in '/home/ganeshkoka/Github/EMG-Project/ros2_ws/src/emg_sensor' with build type 'ament_python'
[0.515s] Level 1:colcon.colcon_core.shell:create_environment_hook('emg_sensor', 'ament_prefix_path')
[0.518s] INFO:colcon.colcon_core.plugin_system:Skipping extension 'colcon_core.shell.bat': Not used on non-Windows systems
[0.518s] INFO:colcon.colcon_core.shell:Creating environment hook '/home/ganeshkoka/Github/EMG-Project/install/emg_sensor/share/emg_sensor/hook/ament_prefix_path.ps1'
[0.520s] INFO:colcon.colcon_core.shell:Creating environment descriptor '/home/ganeshkoka/Github/EMG-Project/install/emg_sensor/share/emg_sensor/hook/ament_prefix_path.dsv'
[0.520s] INFO:colcon.colcon_core.shell:Creating environment hook '/home/ganeshkoka/Github/EMG-Project/install/emg_sensor/share/emg_sensor/hook/ament_prefix_path.sh'
[0.522s] INFO:colcon.colcon_core.shell:Skip shell extension 'powershell' for command environment: Not usable outside of PowerShell
[0.522s] DEBUG:colcon.colcon_core.shell:Skip shell extension 'dsv' for command environment
[0.945s] INFO:colcon.colcon_core.task.python.build:Building Python package in '/home/ganeshkoka/Github/EMG-Project/ros2_ws/src/emg_sensor'
[0.946s] INFO:colcon.colcon_core.shell:Skip shell extension 'powershell' for command environment: Not usable outside of PowerShell
[0.946s] DEBUG:colcon.colcon_core.shell:Skip shell extension 'dsv' for command environment
[1.626s] DEBUG:colcon.colcon_core.event_handler.log_command:Invoking command in '/home/ganeshkoka/Github/EMG-Project/build/emg_sensor': PYTHONPATH=/home/ganeshkoka/Github/EMG-Project/build/emg_sensor/prefix_override:/usr/lib/python3/dist-packages/colcon_core/task/python/colcon_distutils_commands:/home/ganeshkoka/Github/EMG-Project/install/emg_sensor/lib/python3.10/site-packages:${PYTHONPATH} /usr/bin/python3 -W ignore:setup.py install is deprecated -W ignore:easy_install command is deprecated setup.py develop --editable --build-directory /home/ganeshkoka/Github/EMG-Project/build/emg_sensor/build --no-deps symlink_data
[2.489s] Level 1:colcon.colcon_core.shell:create_environment_hook('emg_sensor', 'pythonpath_develop')
[2.491s] INFO:colcon.colcon_core.shell:Creating environment hook '/home/ganeshkoka/Github/EMG-Project/build/emg_sensor/share/emg_sensor/hook/pythonpath_develop.ps1'
[2.492s] DEBUG:colcon.colcon_core.event_handler.log_command:Invoked command in '/home/ganeshkoka/Github/EMG-Project/build/emg_sensor' returned '0': PYTHONPATH=/home/ganeshkoka/Github/EMG-Project/build/emg_sensor/prefix_override:/usr/lib/python3/dist-packages/colcon_core/task/python/colcon_distutils_commands:/home/ganeshkoka/Github/EMG-Project/install/emg_sensor/lib/python3.10/site-packages:${PYTHONPATH} /usr/bin/python3 -W ignore:setup.py install is deprecated -W ignore:easy_install command is deprecated setup.py develop --editable --build-directory /home/ganeshkoka/Github/EMG-Project/build/emg_sensor/build --no-deps symlink_data
[2.493s] INFO:colcon.colcon_core.shell:Creating environment descriptor '/home/ganeshkoka/Github/EMG-Project/build/emg_sensor/share/emg_sensor/hook/pythonpath_develop.dsv'
[2.495s] INFO:colcon.colcon_core.shell:Creating environment hook '/home/ganeshkoka/Github/EMG-Project/build/emg_sensor/share/emg_sensor/hook/pythonpath_develop.sh'
[2.503s] Level 1:colcon.colcon_core.environment:checking '/home/ganeshkoka/Github/EMG-Project/install/emg_sensor' for CMake module files
[2.504s] Level 1:colcon.colcon_core.environment:checking '/home/ganeshkoka/Github/EMG-Project/install/emg_sensor' for CMake config files
[2.506s] Level 1:colcon.colcon_core.environment:checking '/home/ganeshkoka/Github/EMG-Project/install/emg_sensor/lib'
[2.506s] Level 1:colcon.colcon_core.environment:checking '/home/ganeshkoka/Github/EMG-Project/install/emg_sensor/bin'
[2.507s] Level 1:colcon.colcon_core.environment:checking '/home/ganeshkoka/Github/EMG-Project/install/emg_sensor/lib/pkgconfig/emg_sensor.pc'
[2.507s] Level 1:colcon.colcon_core.environment:checking '/home/ganeshkoka/Github/EMG-Project/install/emg_sensor/lib/python3.10/site-packages'
[2.508s] Level 1:colcon.colcon_core.shell:create_environment_hook('emg_sensor', 'pythonpath')
[2.508s] INFO:colcon.colcon_core.shell:Creating environment hook '/home/ganeshkoka/Github/EMG-Project/install/emg_sensor/share/emg_sensor/hook/pythonpath.ps1'
[2.509s] INFO:colcon.colcon_core.shell:Creating environment descriptor '/home/ganeshkoka/Github/EMG-Project/install/emg_sensor/share/emg_sensor/hook/pythonpath.dsv'
[2.510s] INFO:colcon.colcon_core.shell:Creating environment hook '/home/ganeshkoka/Github/EMG-Project/install/emg_sensor/share/emg_sensor/hook/pythonpath.sh'
[2.512s] Level 1:colcon.colcon_core.environment:checking '/home/ganeshkoka/Github/EMG-Project/install/emg_sensor/bin'
[2.512s] Level 1:colcon.colcon_core.environment:create_environment_scripts_only(emg_sensor)
[2.513s] INFO:colcon.colcon_core.shell:Creating package script '/home/ganeshkoka/Github/EMG-Project/install/emg_sensor/share/emg_sensor/package.ps1'
[2.515s] INFO:colcon.colcon_core.shell:Creating package descriptor '/home/ganeshkoka/Github/EMG-Project/install/emg_sensor/share/emg_sensor/package.dsv'
[2.517s] INFO:colcon.colcon_core.shell:Creating package script '/home/ganeshkoka/Github/EMG-Project/install/emg_sensor/share/emg_sensor/package.sh'
[2.518s] INFO:colcon.colcon_core.shell:Creating package script '/home/ganeshkoka/Github/EMG-Project/install/emg_sensor/share/emg_sensor/package.bash'
[2.520s] INFO:colcon.colcon_core.shell:Creating package script '/home/ganeshkoka/Github/EMG-Project/install/emg_sensor/share/emg_sensor/package.zsh'
[2.522s] Level 1:colcon.colcon_core.environment:create_file_with_runtime_dependencies(/home/ganeshkoka/Github/EMG-Project/install/emg_sensor/share/colcon-core/packages/emg_sensor)
[2.523s] DEBUG:colcon.colcon_parallel_executor.executor.parallel:closing loop
[2.523s] DEBUG:colcon.colcon_parallel_executor.executor.parallel:loop closed
[2.524s] DEBUG:colcon.colcon_parallel_executor.executor.parallel:run_until_complete finished with '0'
[2.524s] DEBUG:colcon.colcon_core.event_reactor:joining thread
[2.538s] INFO:colcon.colcon_core.plugin_system:Skipping extension 'colcon_notification.desktop_notification.terminal_notifier': Not used on non-Darwin systems
[2.539s] INFO:colcon.colcon_core.plugin_system:Skipping extension 'colcon_notification.desktop_notification.win32': Not used on non-Windows systems
[2.539s] INFO:colcon.colcon_notification.desktop_notification:Sending desktop notification using 'notify2'
[2.570s] DEBUG:colcon.colcon_core.event_reactor:joined thread
[2.571s] INFO:colcon.colcon_core.shell:Creating prefix script '/home/ganeshkoka/Github/EMG-Project/install/local_setup.ps1'
[2.575s] INFO:colcon.colcon_core.shell:Creating prefix util module '/home/ganeshkoka/Github/EMG-Project/install/_local_setup_util_ps1.py'
[2.581s] INFO:colcon.colcon_core.shell:Creating prefix chain script '/home/ganeshkoka/Github/EMG-Project/install/setup.ps1'
[2.585s] INFO:colcon.colcon_core.shell:Creating prefix script '/home/ganeshkoka/Github/EMG-Project/install/local_setup.sh'
[2.587s] INFO:colcon.colcon_core.shell:Creating prefix util module '/home/ganeshkoka/Github/EMG-Project/install/_local_setup_util_sh.py'
[2.589s] INFO:colcon.colcon_core.shell:Creating prefix chain script '/home/ganeshkoka/Github/EMG-Project/install/setup.sh'
[2.592s] INFO:colcon.colcon_core.shell:Creating prefix script '/home/ganeshkoka/Github/EMG-Project/install/local_setup.bash'
[2.594s] INFO:colcon.colcon_core.shell:Creating prefix chain script '/home/ganeshkoka/Github/EMG-Project/install/setup.bash'
[2.597s] INFO:colcon.colcon_core.shell:Creating prefix script '/home/ganeshkoka/Github/EMG-Project/install/local_setup.zsh'
[2.599s] INFO:colcon.colcon_core.shell:Creating prefix chain script '/home/ganeshkoka/Github/EMG-Project/install/setup.zsh'
