/usr/lib/python3/dist-packages/setuptools/dist.py:723: UserWarning: Usage of dash-separated 'script-dir' will not be supported in future versions. Please use the underscore name 'script_dir' instead
  warnings.warn(
running develop
running egg_info
creating emg_sensor.egg-info
writing emg_sensor.egg-info/PKG-INFO
writing dependency_links to emg_sensor.egg-info/dependency_links.txt
writing entry points to emg_sensor.egg-info/entry_points.txt
writing requirements to emg_sensor.egg-info/requires.txt
writing top-level names to emg_sensor.egg-info/top_level.txt
writing manifest file 'emg_sensor.egg-info/SOURCES.txt'
reading manifest file 'emg_sensor.egg-info/SOURCES.txt'
writing manifest file 'emg_sensor.egg-info/SOURCES.txt'
running build_ext
Creating /home/ganeshkoka/Github/EMG-Project/install/emg_sensor/lib/python3.10/site-packages/emg-sensor.egg-link (link to .)
Installing ble_bridge script to /home/ganeshkoka/Github/EMG-Project/install/emg_sensor/lib/emg_sensor
Installing command_publisher script to /home/ganeshkoka/Github/EMG-Project/install/emg_sensor/lib/emg_sensor
Installing hand_controller script to /home/ganeshkoka/Github/EMG-Project/install/emg_sensor/lib/emg_sensor

Installed /home/ganeshkoka/Github/EMG-Project/build/emg_sensor
running symlink_data
creating /home/ganeshkoka/Github/EMG-Project/install/emg_sensor/share/ament_index
creating /home/ganeshkoka/Github/EMG-Project/install/emg_sensor/share/ament_index/resource_index
creating /home/ganeshkoka/Github/EMG-Project/install/emg_sensor/share/ament_index/resource_index/packages
symbolically linking /home/ganeshkoka/Github/EMG-Project/build/emg_sensor/resource/emg_sensor -> /home/ganeshkoka/Github/EMG-Project/install/emg_sensor/share/ament_index/resource_index/packages
symbolically linking /home/ganeshkoka/Github/EMG-Project/build/emg_sensor/package.xml -> /home/ganeshkoka/Github/EMG-Project/install/emg_sensor/share/emg_sensor
