[0.934s] Invoking command in '/home/ganeshkoka/Github/EMG-Project/build/emg_sensor': PYTHONPATH=/home/ganeshkoka/Github/EMG-Project/build/emg_sensor/prefix_override:/usr/lib/python3/dist-packages/colcon_core/task/python/colcon_distutils_commands:/home/ganeshkoka/Github/EMG-Project/install/emg_sensor/lib/python3.10/site-packages:${PYTHONPATH} /usr/bin/python3 -W ignore:setup.py install is deprecated -W ignore:easy_install command is deprecated setup.py develop --editable --build-directory /home/ganeshkoka/Github/EMG-Project/build/emg_sensor/build --no-deps symlink_data
[1.370s] /usr/lib/python3/dist-packages/setuptools/dist.py:723: UserWarning: Usage of dash-separated 'script-dir' will not be supported in future versions. Please use the underscore name 'script_dir' instead
[1.370s]   warnings.warn(
[1.428s] running develop
[1.698s] running egg_info
[1.698s] creating emg_sensor.egg-info
[1.698s] writing emg_sensor.egg-info/PKG-INFO
[1.698s] writing dependency_links to emg_sensor.egg-info/dependency_links.txt
[1.699s] writing entry points to emg_sensor.egg-info/entry_points.txt
[1.699s] writing requirements to emg_sensor.egg-info/requires.txt
[1.699s] writing top-level names to emg_sensor.egg-info/top_level.txt
[1.700s] writing manifest file 'emg_sensor.egg-info/SOURCES.txt'
[1.703s] reading manifest file 'emg_sensor.egg-info/SOURCES.txt'
[1.704s] writing manifest file 'emg_sensor.egg-info/SOURCES.txt'
[1.707s] running build_ext
[1.708s] Creating /home/ganeshkoka/Github/EMG-Project/install/emg_sensor/lib/python3.10/site-packages/emg-sensor.egg-link (link to .)
[1.710s] Installing ble_bridge script to /home/ganeshkoka/Github/EMG-Project/install/emg_sensor/lib/emg_sensor
[1.710s] Installing command_publisher script to /home/ganeshkoka/Github/EMG-Project/install/emg_sensor/lib/emg_sensor
[1.710s] Installing hand_controller script to /home/ganeshkoka/Github/EMG-Project/install/emg_sensor/lib/emg_sensor
[1.711s] 
[1.711s] Installed /home/ganeshkoka/Github/EMG-Project/build/emg_sensor
[1.711s] running symlink_data
[1.711s] creating /home/ganeshkoka/Github/EMG-Project/install/emg_sensor/share/ament_index
[1.711s] creating /home/ganeshkoka/Github/EMG-Project/install/emg_sensor/share/ament_index/resource_index
[1.712s] creating /home/ganeshkoka/Github/EMG-Project/install/emg_sensor/share/ament_index/resource_index/packages
[1.712s] symbolically linking /home/ganeshkoka/Github/EMG-Project/build/emg_sensor/resource/emg_sensor -> /home/ganeshkoka/Github/EMG-Project/install/emg_sensor/share/ament_index/resource_index/packages
[1.712s] symbolically linking /home/ganeshkoka/Github/EMG-Project/build/emg_sensor/package.xml -> /home/ganeshkoka/Github/EMG-Project/install/emg_sensor/share/emg_sensor
[1.789s] Invoked command in '/home/ganeshkoka/Github/EMG-Project/build/emg_sensor' returned '0': PYTHONPATH=/home/ganeshkoka/Github/EMG-Project/build/emg_sensor/prefix_override:/usr/lib/python3/dist-packages/colcon_core/task/python/colcon_distutils_commands:/home/ganeshkoka/Github/EMG-Project/install/emg_sensor/lib/python3.10/site-packages:${PYTHONPATH} /usr/bin/python3 -W ignore:setup.py install is deprecated -W ignore:easy_install command is deprecated setup.py develop --editable --build-directory /home/ganeshkoka/Github/EMG-Project/build/emg_sensor/build --no-deps symlink_data
